<?xml version="1.0" encoding="UTF-8"?>
<!-- Generated by org.testng.reporters.JUnitXMLReporter -->
<testsuite ignored="0" hostname="Ameet" failures="17" tests="18" name="Test" time="65.708" errors="0" timestamp="2024-12-16T18:07:08 IST">
  <testcase classname="testcases.RestAssured_TestCases_PL1" name="createAppointmentTest" time="5.335">
    <failure type="java.lang.AssertionError" message="createAppointmentWithAuth must be implemented using Rest Assured methods only. expected [true] but found [false]">
      <![CDATA[java.lang.AssertionError: createAppointmentWithAuth must be implemented using Rest Assured methods only. expected [true] but found [false]
at testcases.RestAssured_TestCases_PL1.createAppointmentTest(RestAssured_TestCases_PL1.java:68)
at java.base/java.util.concurrent.ThreadPoolExecutor.runWorker(ThreadPoolExecutor.java:1136)
at java.base/java.util.concurrent.ThreadPoolExecutor$Worker.run(ThreadPoolExecutor.java:635)
at java.base/java.lang.Thread.run(Thread.java:833)
... Removed 15 stack frames]]>
    </failure>
  </testcase> <!-- createAppointmentTest -->
  <testcase classname="testcases.RestAssured_TestCases_PL1" name="getAllApplicableDoctorsTest" time="0.023">
    <failure type="java.lang.NullPointerException" message="Cannot invoke &amp;quot;io.restassured.response.Response.jsonPath()&amp;quot; because the return value of &amp;quot;rest.CustomResponse.getResponse()&amp;quot; is null">
      <![CDATA[java.lang.NullPointerException: Cannot invoke "io.restassured.response.Response.jsonPath()" because the return value of "rest.CustomResponse.getResponse()" is null
at testcases.TestCodeValidator.validateResponseFields(TestCodeValidator.java:143)
at testcases.RestAssured_TestCases_PL1.getAllApplicableDoctorsTest(RestAssured_TestCases_PL1.java:103)
at java.base/java.util.concurrent.ThreadPoolExecutor.runWorker(ThreadPoolExecutor.java:1136)
at java.base/java.util.concurrent.ThreadPoolExecutor$Worker.run(ThreadPoolExecutor.java:635)
at java.base/java.lang.Thread.run(Thread.java:833)
... Removed 12 stack frames]]>
    </failure>
  </testcase> <!-- getAllApplicableDoctorsTest -->
  <testcase classname="testcases.RestAssured_TestCases_PL1" name="clashAppointmentTest" time="0.216">
    <failure type="java.lang.AssertionError" message="clashAppointmentWithAuth must be implemented using Rest Assured methods only. expected [true] but found [false]">
      <![CDATA[java.lang.AssertionError: clashAppointmentWithAuth must be implemented using Rest Assured methods only. expected [true] but found [false]
at testcases.RestAssured_TestCases_PL1.clashAppointmentTest(RestAssured_TestCases_PL1.java:189)
at java.base/java.util.concurrent.ThreadPoolExecutor.runWorker(ThreadPoolExecutor.java:1136)
at java.base/java.util.concurrent.ThreadPoolExecutor$Worker.run(ThreadPoolExecutor.java:635)
at java.base/java.lang.Thread.run(Thread.java:833)
... Removed 15 stack frames]]>
    </failure>
  </testcase> <!-- clashAppointmentTest -->
  <testcase classname="testcases.RestAssured_TestCases_PL1" name="searchPatientTest" time="0.009">
    <failure type="java.lang.AssertionError" message="searchPatientWithAuth must be implemented using Rest Assured methods only. expected [true] but found [false]">
      <![CDATA[java.lang.AssertionError: searchPatientWithAuth must be implemented using Rest Assured methods only. expected [true] but found [false]
at testcases.RestAssured_TestCases_PL1.searchPatientTest(RestAssured_TestCases_PL1.java:220)
at java.base/java.util.concurrent.ThreadPoolExecutor.runWorker(ThreadPoolExecutor.java:1136)
at java.base/java.util.concurrent.ThreadPoolExecutor$Worker.run(ThreadPoolExecutor.java:635)
at java.base/java.lang.Thread.run(Thread.java:833)
... Removed 15 stack frames]]>
    </failure>
  </testcase> <!-- searchPatientTest -->
  <testcase classname="testcases.RestAssured_TestCases_PL1" name="bookingListTest" time="0.4">
    <failure type="java.lang.AssertionError" message="bookingListWithAuthInRange must be implemented using Rest Assured methods only. expected [true] but found [false]">
      <![CDATA[java.lang.AssertionError: bookingListWithAuthInRange must be implemented using Rest Assured methods only. expected [true] but found [false]
at testcases.RestAssured_TestCases_PL1.bookingListTest(RestAssured_TestCases_PL1.java:269)
at java.base/java.util.concurrent.ThreadPoolExecutor.runWorker(ThreadPoolExecutor.java:1136)
at java.base/java.util.concurrent.ThreadPoolExecutor$Worker.run(ThreadPoolExecutor.java:635)
at java.base/java.lang.Thread.run(Thread.java:833)
... Removed 15 stack frames]]>
    </failure>
  </testcase> <!-- bookingListTest -->
  <testcase classname="testcases.RestAssured_TestCases_PL1" name="AllStockDetailsTest" time="0.034">
    <failure type="java.lang.AssertionError" message="AllStockDetailsWithAuth must be implemented using Rest Assured methods only. expected [true] but found [false]">
      <![CDATA[java.lang.AssertionError: AllStockDetailsWithAuth must be implemented using Rest Assured methods only. expected [true] but found [false]
at testcases.RestAssured_TestCases_PL1.AllStockDetailsTest(RestAssured_TestCases_PL1.java:305)
at java.base/java.util.concurrent.ThreadPoolExecutor.runWorker(ThreadPoolExecutor.java:1136)
at java.base/java.util.concurrent.ThreadPoolExecutor$Worker.run(ThreadPoolExecutor.java:635)
at java.base/java.lang.Thread.run(Thread.java:833)
... Removed 15 stack frames]]>
    </failure>
  </testcase> <!-- AllStockDetailsTest -->
  <testcase classname="testcases.RestAssured_TestCases_PL1" name="MainStoreTest" time="0.011">
    <failure type="java.lang.AssertionError" message="MainStoreDetailsWithAuth must be implemented using Rest Assured methods only. expected [true] but found [false]">
      <![CDATA[java.lang.AssertionError: MainStoreDetailsWithAuth must be implemented using Rest Assured methods only. expected [true] but found [false]
at testcases.RestAssured_TestCases_PL1.MainStoreTest(RestAssured_TestCases_PL1.java:339)
at java.base/java.util.concurrent.ThreadPoolExecutor.runWorker(ThreadPoolExecutor.java:1136)
at java.base/java.util.concurrent.ThreadPoolExecutor$Worker.run(ThreadPoolExecutor.java:635)
at java.base/java.lang.Thread.run(Thread.java:833)
... Removed 15 stack frames]]>
    </failure>
  </testcase> <!-- MainStoreTest -->
  <testcase classname="testcases.RestAssured_TestCases_PL1" name="PharmacyStoreTest" time="0.003">
    <failure type="java.lang.AssertionError" message="PharmacyStoresWithAuth must be implemented using Rest Assured methods only. expected [true] but found [false]">
      <![CDATA[java.lang.AssertionError: PharmacyStoresWithAuth must be implemented using Rest Assured methods only. expected [true] but found [false]
at testcases.RestAssured_TestCases_PL1.PharmacyStoreTest(RestAssured_TestCases_PL1.java:370)
at java.base/java.util.concurrent.ThreadPoolExecutor.runWorker(ThreadPoolExecutor.java:1136)
at java.base/java.util.concurrent.ThreadPoolExecutor$Worker.run(ThreadPoolExecutor.java:635)
at java.base/java.lang.Thread.run(Thread.java:833)
... Removed 15 stack frames]]>
    </failure>
  </testcase> <!-- PharmacyStoreTest -->
  <testcase classname="testcases.RestAssured_TestCases_PL1" name="PatientConsumptionTest" time="0.008">
    <failure type="java.lang.AssertionError" message="PatientConsumption must be implemented using Rest Assured methods only. expected [true] but found [false]">
      <![CDATA[java.lang.AssertionError: PatientConsumption must be implemented using Rest Assured methods only. expected [true] but found [false]
at testcases.RestAssured_TestCases_PL1.PatientConsumptionTest(RestAssured_TestCases_PL1.java:403)
at java.base/java.util.concurrent.ThreadPoolExecutor.runWorker(ThreadPoolExecutor.java:1136)
at java.base/java.util.concurrent.ThreadPoolExecutor$Worker.run(ThreadPoolExecutor.java:635)
at java.base/java.lang.Thread.run(Thread.java:833)
... Removed 15 stack frames]]>
    </failure>
  </testcase> <!-- PatientConsumptionTest -->
  <testcase classname="testcases.RestAssured_TestCases_PL1" name="ActivatePharmCountTest" time="0.106">
    <failure type="java.lang.AssertionError" message="ActivatePharmCount must be implemented using Rest Assured methods only. expected [true] but found [false]">
      <![CDATA[java.lang.AssertionError: ActivatePharmCount must be implemented using Rest Assured methods only. expected [true] but found [false]
at testcases.RestAssured_TestCases_PL1.ActivatePharmCountTest(RestAssured_TestCases_PL1.java:439)
at java.base/java.util.concurrent.ThreadPoolExecutor.runWorker(ThreadPoolExecutor.java:1136)
at java.base/java.util.concurrent.ThreadPoolExecutor$Worker.run(ThreadPoolExecutor.java:635)
at java.base/java.lang.Thread.run(Thread.java:833)
... Removed 15 stack frames]]>
    </failure>
  </testcase> <!-- ActivatePharmCountTest -->
  <testcase classname="testcases.RestAssured_TestCases_PL1" name="DeactivatePharmCountTest" time="0.004">
    <failure type="java.lang.AssertionError" message="DeactivatePharmCount must be implemented using Rest Assured methods only. expected [true] but found [false]">
      <![CDATA[java.lang.AssertionError: DeactivatePharmCount must be implemented using Rest Assured methods only. expected [true] but found [false]
at testcases.RestAssured_TestCases_PL1.DeactivatePharmCountTest(RestAssured_TestCases_PL1.java:468)
at java.base/java.util.concurrent.ThreadPoolExecutor.runWorker(ThreadPoolExecutor.java:1136)
at java.base/java.util.concurrent.ThreadPoolExecutor$Worker.run(ThreadPoolExecutor.java:635)
at java.base/java.lang.Thread.run(Thread.java:833)
... Removed 15 stack frames]]>
    </failure>
  </testcase> <!-- DeactivatePharmCountTest -->
  <testcase classname="testcases.RestAssured_TestCases_PL1" name="AppointApplicDeptTest" time="0.004">
    <failure type="java.lang.AssertionError" message="AppointApplicDept must be implemented using Rest Assured methods only. expected [true] but found [false]">
      <![CDATA[java.lang.AssertionError: AppointApplicDept must be implemented using Rest Assured methods only. expected [true] but found [false]
at testcases.RestAssured_TestCases_PL1.AppointApplicDeptTest(RestAssured_TestCases_PL1.java:498)
at java.base/java.util.concurrent.ThreadPoolExecutor.runWorker(ThreadPoolExecutor.java:1136)
at java.base/java.util.concurrent.ThreadPoolExecutor$Worker.run(ThreadPoolExecutor.java:635)
at java.base/java.lang.Thread.run(Thread.java:833)
... Removed 15 stack frames]]>
    </failure>
  </testcase> <!-- AppointApplicDeptTest -->
  <testcase classname="testcases.RestAssured_TestCases_PL1" name="AdmittedPatientsData" time="0.007">
    <failure type="java.lang.AssertionError" message="admittedPatientData must be implemented using Rest Assured methods only. expected [true] but found [false]">
      <![CDATA[java.lang.AssertionError: admittedPatientData must be implemented using Rest Assured methods only. expected [true] but found [false]
at testcases.RestAssured_TestCases_PL1.AdmittedPatientsData(RestAssured_TestCases_PL1.java:531)
at java.base/java.util.concurrent.ThreadPoolExecutor.runWorker(ThreadPoolExecutor.java:1136)
at java.base/java.util.concurrent.ThreadPoolExecutor$Worker.run(ThreadPoolExecutor.java:635)
at java.base/java.lang.Thread.run(Thread.java:833)
... Removed 15 stack frames]]>
    </failure>
  </testcase> <!-- AdmittedPatientsData -->
  <testcase classname="testcases.RestAssured_TestCases_PL1" name="addcurrencyTest" time="0.008">
    <failure type="java.lang.AssertionError" message="addCurrencyWithAuth must be implemented using Rest Assured methods only. expected [true] but found [false]">
      <![CDATA[java.lang.AssertionError: addCurrencyWithAuth must be implemented using Rest Assured methods only. expected [true] but found [false]
at testcases.RestAssured_TestCases_PL1.addcurrencyTest(RestAssured_TestCases_PL1.java:578)
at java.base/java.util.concurrent.ThreadPoolExecutor.runWorker(ThreadPoolExecutor.java:1136)
at java.base/java.util.concurrent.ThreadPoolExecutor$Worker.run(ThreadPoolExecutor.java:635)
at java.base/java.lang.Thread.run(Thread.java:833)
... Removed 15 stack frames]]>
    </failure>
  </testcase> <!-- addcurrencyTest -->
  <testcase classname="testcases.RestAssured_TestCases_PL1" name="findMatchingPatientTest" time="0.098">
    <failure type="java.lang.AssertionError" message="findMatchingPatientWithAuth must be implemented using Rest Assured methods only. expected [true] but found [false]">
      <![CDATA[java.lang.AssertionError: findMatchingPatientWithAuth must be implemented using Rest Assured methods only. expected [true] but found [false]
at testcases.RestAssured_TestCases_PL1.findMatchingPatientTest(RestAssured_TestCases_PL1.java:631)
at java.base/java.util.concurrent.ThreadPoolExecutor.runWorker(ThreadPoolExecutor.java:1136)
at java.base/java.util.concurrent.ThreadPoolExecutor$Worker.run(ThreadPoolExecutor.java:635)
at java.base/java.lang.Thread.run(Thread.java:833)
... Removed 15 stack frames]]>
    </failure>
  </testcase> <!-- findMatchingPatientTest -->
  <testcase classname="testcases.RestAssured_TestCases_PL1" name="getAllRegisteredPatientsTest" time="0.006">
    <failure type="java.lang.AssertionError" message="getRegisteredPatientsWithAuth must be implemented using Rest Assured methods only. expected [true] but found [false]">
      <![CDATA[java.lang.AssertionError: getRegisteredPatientsWithAuth must be implemented using Rest Assured methods only. expected [true] but found [false]
at testcases.RestAssured_TestCases_PL1.getAllRegisteredPatientsTest(RestAssured_TestCases_PL1.java:668)
at java.base/java.util.concurrent.ThreadPoolExecutor.runWorker(ThreadPoolExecutor.java:1136)
at java.base/java.util.concurrent.ThreadPoolExecutor$Worker.run(ThreadPoolExecutor.java:635)
at java.base/java.lang.Thread.run(Thread.java:833)
... Removed 15 stack frames]]>
    </failure>
  </testcase> <!-- getAllRegisteredPatientsTest -->
  <testcase classname="testcases.RestAssured_TestCases_PL1" name="getAllBillingCounters" time="0.032">
    <failure type="java.lang.AssertionError" message="getBillingCountersWithAuth must be implemented using Rest Assured methods only. expected [true] but found [false]">
      <![CDATA[java.lang.AssertionError: getBillingCountersWithAuth must be implemented using Rest Assured methods only. expected [true] but found [false]
at testcases.RestAssured_TestCases_PL1.getAllBillingCounters(RestAssured_TestCases_PL1.java:707)
at java.base/java.util.concurrent.ThreadPoolExecutor.runWorker(ThreadPoolExecutor.java:1136)
at java.base/java.util.concurrent.ThreadPoolExecutor$Worker.run(ThreadPoolExecutor.java:635)
at java.base/java.lang.Thread.run(Thread.java:833)
... Removed 15 stack frames]]>
    </failure>
  </testcase> <!-- getAllBillingCounters -->
  <testcase classname="testcases.RestAssured_TestCases_PL1" name="cancelAppointmentTest" time="0.0">
    <skipped/>
  </testcase> <!-- cancelAppointmentTest -->
</testsuite> <!-- Test -->
